
> labgest@1.0.0 dev:all
> concurrently "npm run dev:web" "npm run dev:portal"

[0] 
[0] > labgest@1.0.0 dev:web
[0] > npm run dev --workspace=web
[0] 
[1] 
[1] > labgest@1.0.0 dev:portal
[1] > npm run dev --workspace=portal
[1] 
[0] 
[0] > web@0.1.0 dev
[0] > next dev
[0] 
[1] 
[1] > portal@0.1.0 dev
[1] > next dev
[1] 
[0] ⚠ Port 3000 is in use by process 54877, using available port 3001 instead.
[0] ⚠ Warning: Next.js inferred your workspace root, but it may not be correct.
[0]  We detected multiple lockfiles and selected the directory of /Users/thiagocruz/labgest/package-lock.json as the root directory.
[0]  To silence this warning, set `turbopack.root` in your Next.js config, or consider removing one of the lockfiles if it's not needed.
[0]    See https://nextjs.org/docs/app/api-reference/config/next-config-js/turbopack#root-directory for more information.
[0]  Detected additional lockfiles: 
[0]    * /Users/thiagocruz/labgest/web/package-lock.json
[0] 
[0] ▲ Next.js 16.1.6 (Turbopack)
[0] - Local:         http://localhost:3001
[0] - Network:       http://192.168.31.55:3001
[0] - Environments: .env.local
[0] 
[0] ✓ Starting...
[1] ⚠ Port 3000 is in use by process 54877, using available port 3002 instead.
[0] ⨯ Unable to acquire lock at /Users/thiagocruz/labgest/web/.next/dev/lock, is another instance of next dev running?
[0]   Suggestion: If you intended to restart next dev, terminate the other process, and then try again.
[0] [?25h
[0] npm error Lifecycle script `dev` failed with error:
[0] npm error code 1
[0] npm error path /Users/thiagocruz/labgest/web
[0] npm error workspace web@0.1.0
[0] npm error location /Users/thiagocruz/labgest/web
[0] npm error command failed
[0] npm error command sh -c next dev
[0] npm notice
[0] npm notice New major version of npm available! 10.9.7 -> 11.12.1
[0] npm notice Changelog: https://github.com/npm/cli/releases/tag/v11.12.1
[0] npm notice To update run: npm install -g npm@11.12.1
[0] npm notice
[0] npm notice
[0] npm notice New major version of npm available! 10.9.7 -> 11.12.1
[0] npm notice Changelog: https://github.com/npm/cli/releases/tag/v11.12.1
[0] npm notice To update run: npm install -g npm@11.12.1
[0] npm notice
[0] npm run dev:web exited with code 1
[1] ⚠ Warning: Next.js inferred your workspace root, but it may not be correct.
[1]  We detected multiple lockfiles and selected the directory of /Users/thiagocruz/labgest/package-lock.json as the root directory.
[1]  To silence this warning, set `turbopack.root` in your Next.js config, or consider removing one of the lockfiles if it's not needed.
[1]    See https://nextjs.org/docs/app/api-reference/config/next-config-js/turbopack#root-directory for more information.
[1]  Detected additional lockfiles: 
[1]    * /Users/thiagocruz/labgest/portal/package-lock.json
[1] 
[1] ▲ Next.js 16.1.6 (Turbopack)
[1] - Local:         http://localhost:3002
[1] - Network:       http://192.168.31.55:3002
[1] 
[1] ✓ Starting...
[1] ⚠ The "middleware" file convention is deprecated. Please use "proxy" instead. Learn more: https://nextjs.org/docs/messages/middleware-to-proxy
[1] ✓ Ready in 1913ms
[1] ⨯ Error: Your project's URL and Key are required to create a Supabase client!
[1] 
[1] Check your Supabase project's API settings to find these values
[1] 
[1] https://supabase.com/dashboard/project/_/settings/api
[1]     at <unknown> (https://supabase.com/dashboard/project/_/settings/api)
[1]     at <unknown> (https://supabase.com/dashboard/project/_/settings/api)
[1]     at middleware (portal/src/middleware.ts:11:38)
[1]    9 |   })
[1]   10 |
[1] > 11 |   const supabase = createServerClient(
[1]      |                                      ^
[1]   12 |     process.env.NEXT_PUBLIC_SUPABASE_URL!,
[1]   13 |     process.env.NEXT_PUBLIC_SUPABASE_ANON_KEY!,
[1]   14 |     {
[1]  GET /novo-pedido 404 in 491ms (compile: -66015µs, proxy.ts: 490ms, render: 68ms)
[1] ⨯ Error: Your project's URL and Key are required to create a Supabase client!
[1] 
[1] Check your Supabase project's API settings to find these values
[1] 
[1] https://supabase.com/dashboard/project/_/settings/api
[1]     at <unknown> (https://supabase.com/dashboard/project/_/settings/api)
[1]     at <unknown> (https://supabase.com/dashboard/project/_/settings/api)
[1]     at middleware (portal/src/middleware.ts:11:38)
[1]    9 |   })
[1]   10 |
[1] > 11 |   const supabase = createServerClient(
[1]      |                                      ^
[1]   12 |     process.env.NEXT_PUBLIC_SUPABASE_URL!,
[1]   13 |     process.env.NEXT_PUBLIC_SUPABASE_ANON_KEY!,
[1]   14 |     {
[1]  GET /novo-pedido 404 in 41ms (compile: -7518µs, proxy.ts: 38ms, render: 10ms)
[1] ⨯ Error: Your project's URL and Key are required to create a Supabase client!
[1] 
[1] Check your Supabase project's API settings to find these values
[1] 
[1] https://supabase.com/dashboard/project/_/settings/api
[1]     at <unknown> (https://supabase.com/dashboard/project/_/settings/api)
[1]     at <unknown> (https://supabase.com/dashboard/project/_/settings/api)
[1]     at middleware (portal/src/middleware.ts:11:38)
[1]    9 |   })
[1]   10 |
[1] > 11 |   const supabase = createServerClient(
[1]      |                                      ^
[1]   12 |     process.env.NEXT_PUBLIC_SUPABASE_URL!,
[1]   13 |     process.env.NEXT_PUBLIC_SUPABASE_ANON_KEY!,
[1]   14 |     {
[1]  GET / 404 in 29ms (compile: -6039µs, proxy.ts: 27ms, render: 8ms)
[1] ⨯ Error: Your project's URL and Key are required to create a Supabase client!
[1] 
[1] Check your Supabase project's API settings to find these values
[1] 
[1] https://supabase.com/dashboard/project/_/settings/api
[1]     at <unknown> (https://supabase.com/dashboard/project/_/settings/api)
[1]     at <unknown> (https://supabase.com/dashboard/project/_/settings/api)
[1]     at middleware (portal/src/middleware.ts:11:38)
[1]    9 |   })
[1]   10 |
[1] > 11 |   const supabase = createServerClient(
[1]      |                                      ^
[1]   12 |     process.env.NEXT_PUBLIC_SUPABASE_URL!,
[1]   13 |     process.env.NEXT_PUBLIC_SUPABASE_ANON_KEY!,
[1]   14 |     {
[1]  GET /login 404 in 37ms (compile: -6402µs, proxy.ts: 36ms, render: 7ms)
[1]   Reload env: .env.local
[1]  GET /login 200 in 1194ms (compile: 1101ms, proxy.ts: 10ms, render: 83ms)
[1]  GET /dashboard 200 in 5.8s (compile: 631ms, proxy.ts: 222ms, render: 5.0s)
[1]  POST /login 303 in 7.1s (compile: 4ms, proxy.ts: 16ms, render: 7.1s)
[1]  GET /novo-pedido 200 in 2.2s (compile: 517ms, proxy.ts: 593ms, render: 1101ms)
[1] ✓ Compiled in 160ms
[1]  GET /novo-pedido 200 in 3.3s (compile: 80ms, proxy.ts: 884ms, render: 2.3s)
[1] ✓ Compiled in 273ms
[1] ✓ Compiled in 376ms
[1] ✓ Compiled in 156ms
[1] ✓ Compiled in 183ms
[1] ✓ Compiled in 193ms
[1] ✓ Compiled in 70ms
[1] ✓ Compiled in 437ms
[1] ✓ Compiled in 175ms
[1] ✓ Compiled in 133ms
[1] ✓ Compiled in 526ms
[1] ✓ Compiled in 331ms
[1] ✓ Compiled in 61ms
[1] ✓ Compiled in 73ms
[1] ✓ Compiled in 66ms
[1] ✓ Compiled in 578ms
[1] ✓ Compiled in 244ms
[1] AuthApiError: Invalid Refresh Token: Refresh Token Not Found
[1]     at ignore-listed frames {
[1]   __isAuthError: true,
[1]   status: 400,
[1]   code: 'refresh_token_not_found'
[1] }
[1] AuthApiError: Invalid Refresh Token: Refresh Token Not Found
[1]     at ignore-listed frames {
[1]   __isAuthError: true,
[1]   status: 400,
[1]   code: 'refresh_token_not_found'
[1] }
[1] ✓ Compiled in 5ms
[1] AuthApiError: Invalid Refresh Token: Refresh Token Not Found
[1]     at ignore-listed frames {
[1]   __isAuthError: true,
[1]   status: 400,
[1]   code: 'refresh_token_not_found'
[1] }
[1] AuthApiError: Invalid Refresh Token: Refresh Token Not Found
[1]     at ignore-listed frames {
[1]   __isAuthError: true,
[1]   status: 400,
[1]   code: 'refresh_token_not_found'
[1] }
[1] AuthApiError: Invalid Refresh Token: Refresh Token Not Found
[1]     at ignore-listed frames {
[1]   __isAuthError: true,
[1]   status: 400,
[1]   code: 'refresh_token_not_found'
[1] }
[1] AuthApiError: Invalid Refresh Token: Refresh Token Not Found
[1]     at ignore-listed frames {
[1]   __isAuthError: true,
[1]   status: 400,
[1]   code: 'refresh_token_not_found'
[1] }
[1]  GET /login 200 in 616ms (compile: 128ms, proxy.ts: 411ms, render: 76ms)
[1] AuthApiError: Invalid Refresh Token: Refresh Token Not Found
[1]     at ignore-listed frames {
[1]   __isAuthError: true,
[1]   status: 400,
[1]   code: 'refresh_token_not_found'
[1] }
[1] AuthApiError: Invalid Refresh Token: Refresh Token Not Found
[1]     at ignore-listed frames {
[1]   __isAuthError: true,
[1]   status: 400,
[1]   code: 'refresh_token_not_found'
[1] }
[1]  GET /login 200 in 282ms (compile: 1497µs, proxy.ts: 250ms, render: 31ms)
[1]  GET /login 200 in 9ms (compile: 1080µs, proxy.ts: 1540µs, render: 7ms)
[1]  GET /login 200 in 141ms (compile: 1401µs, proxy.ts: 1693µs, render: 138ms)
[1]  GET /login 200 in 122ms (compile: 9ms, proxy.ts: 62ms, render: 51ms)
[1]  GET /login 200 in 14ms (compile: 1095µs, proxy.ts: 4ms, render: 9ms)
[1] ✓ Compiled in 287ms
[1] ✓ Compiled in 151ms
[1]  GET /login 200 in 134ms (compile: 6ms, proxy.ts: 10ms, render: 118ms)
[1]  GET /login 200 in 39ms (compile: 10ms, proxy.ts: 5ms, render: 24ms)
[1]  GET /login 200 in 24ms (compile: 4ms, proxy.ts: 1638µs, render: 18ms)
[1]  GET /login 200 in 14ms (compile: 1154µs, proxy.ts: 2ms, render: 11ms)
[1] ✓ Compiled in 55ms
[1]  GET /login 200 in 42ms (compile: 5ms, proxy.ts: 24ms, render: 13ms)
[1]  GET /login 200 in 14ms (compile: 1180µs, proxy.ts: 2ms, render: 11ms)
[1] ✓ Compiled in 109ms
[1] ✓ Compiled in 177ms
[1]  GET /login 200 in 524ms (compile: 25ms, proxy.ts: 9ms, render: 490ms)
[1]  GET /login 200 in 422ms (compile: 186ms, proxy.ts: 124ms, render: 113ms)
[1]  GET /login 200 in 97ms (compile: 1797µs, proxy.ts: 33ms, render: 62ms)
[1]  GET /login 200 in 63ms (compile: 2ms, proxy.ts: 2ms, render: 58ms)
[1]  GET /login 200 in 66ms (compile: 3ms, proxy.ts: 3ms, render: 60ms)
[1]  GET /login 200 in 61ms (compile: 3ms, proxy.ts: 1868µs, render: 56ms)
[1]  GET /login 200 in 48ms (compile: 1456µs, proxy.ts: 2ms, render: 45ms)
[1]  GET /login 200 in 70ms (compile: 3ms, proxy.ts: 9ms, render: 58ms)
[1]  GET /login 200 in 63ms (compile: 1802µs, proxy.ts: 3ms, render: 58ms)
[1]  GET /login 200 in 77ms (compile: 1522µs, proxy.ts: 1838µs, render: 73ms)
[1]  GET /login 200 in 58ms (compile: 5ms, proxy.ts: 1750µs, render: 52ms)
[1]  GET /login 200 in 74ms (compile: 2ms, proxy.ts: 1697µs, render: 70ms)
[1]  GET /login 200 in 63ms (compile: 2ms, proxy.ts: 14ms, render: 47ms)
[1]  GET /login 200 in 48ms (compile: 2ms, proxy.ts: 1725µs, render: 44ms)
[1]  GET /login 200 in 49ms (compile: 14ms, proxy.ts: 1751µs, render: 33ms)
[1]  GET /login 200 in 39ms (compile: 1353µs, proxy.ts: 1477µs, render: 36ms)
[1]  GET /login 200 in 34ms (compile: 1299µs, proxy.ts: 1414µs, render: 31ms)
[1]  GET /login 200 in 32ms (compile: 4ms, proxy.ts: 1453µs, render: 27ms)
[1]  GET /login 200 in 31ms (compile: 1043µs, proxy.ts: 1330µs, render: 29ms)
[1]  GET /login 200 in 40ms (compile: 4ms, proxy.ts: 1323µs, render: 34ms)
[1]  GET /login 200 in 29ms (compile: 1124µs, proxy.ts: 1751µs, render: 26ms)
[1]  GET /login 200 in 19ms (compile: 1314µs, proxy.ts: 1315µs, render: 16ms)
[1] ✓ Compiled in 109ms
[1] ✓ Compiled in 54ms
[1]  GET /login 200 in 49ms (compile: 6ms, proxy.ts: 27ms, render: 16ms)
[1]  GET /login 200 in 13ms (compile: 1264µs, proxy.ts: 1703µs, render: 10ms)
[1] ✓ Compiled in 100ms
[1] ✓ Compiled in 53ms
[1]  GET /login 200 in 49ms (compile: 13ms, proxy.ts: 9ms, render: 27ms)
[1]  GET /login 200 in 12ms (compile: 1400µs, proxy.ts: 1816µs, render: 9ms)
[1] ✓ Compiled in 237ms
[1] ✓ Compiled in 129ms
[1] ✓ Compiled in 90ms
[1] ✓ Compiled in 80ms
[1] ✓ Compiled in 88ms
[1] ✓ Compiled in 57ms
[1] ✓ Compiled in 112ms
